<?xml version="1.0" encoding="UTF-8"?>
<!-- Generated by org.testng.reporters.JUnitReportReporter -->
<testsuite skipped="0" hostname="LAPTOP-KVNNDL6Q" name="ali" tests="1" failures="0" timestamp="2020-01-25T14:12:30 EST" time="0.012" errors="0">
  <testcase name="readConfigFile" time="0.012" classname="ali"/>
</testsuite> <!-- ali -->
