<?xml version="1.0" encoding="UTF-8"?>
<!-- Generated by org.testng.reporters.JUnitReportReporter -->
<testsuite skipped="0" hostname="LAPTOP-KVNNDL6Q" name="FBTESTNG" tests="6" failures="0" timestamp="2020-01-24T02:35:43 EST" time="5.878" errors="0">
  <testcase name="FirstLastName" time="0.305" classname="FBTESTNG"/>
  <testcase name="SetConfEmail" time="0.625" classname="FBTESTNG"/>
  <testcase name="SetPassword" time="0.118" classname="FBTESTNG"/>
  <testcase name="SetDOB" time="1.690" classname="FBTESTNG"/>
  <testcase name="setGender" time="3.065" classname="FBTESTNG"/>
  <testcase name="Submit" time="0.075" classname="FBTESTNG"/>
</testsuite> <!-- FBTESTNG -->
